<?xml version="1.0" encoding="UTF-8"?>
<!-- Generated by org.testng.reporters.JUnitReportReporter -->
<testsuite hostname="LAPTOP-OQQ855SE" failures="0" tests="2" name="dummypr.pack2.CreateTest" time="0.013" errors="0" timestamp="2025-06-30T15:56:44 IST" skipped="0">
  <testcase classname="dummypr.pack2.CreateTest" name="createOrgTest" time="0.008"/>
  <system-out/>
  <testcase classname="dummypr.pack2.CreateTest" name="modifyOrgTest" time="0.005"/>
  <system-out/>
</testsuite> <!-- dummypr.pack2.CreateTest -->
