<?xml version="1.0" encoding="UTF-8"?>
<!-- Generated by org.testng.reporters.JUnitReportReporter -->
<testsuite hostname="LAPTOP-OQQ855SE" failures="0" tests="2" name="dummypr.pack.OrgTest" time="0.022" errors="0" timestamp="2025-07-02T10:18:42 IST" skipped="0">
  <testcase classname="dummypr.pack.OrgTest" name="createOrgTest" time="0.019"/>
  <system-out/>
  <testcase classname="dummypr.pack.OrgTest" name="modifyOrgTest" time="0.003"/>
  <system-out/>
</testsuite> <!-- dummypr.pack.OrgTest -->
